rm -rf ../exec_output/Fibonacci_Heap.o
rm -rf ../exec_output/Fibonacci_Heap_main.o
rm -rf ./tags
g++ -g -Wall -O3  -c Fibonacci_Heap.cpp -I ./include -o ../exec_output/Fibonacci_Heap.o
ctags -R ./*
ctags -a ./include/*
g++ -g -Wall -O3  -I ./include ../exec_output/Fibonacci_Heap.o Fibonacci_Heap_main.cpp -o ../exec_output/Fibonacci_Heap_main.o
../exec_output/Fibonacci_Heap_main.o
=====================================H1=========================================
(7, 0x954010)
(17, 0x954050)
(30, 0x954090)
(3, 0x9540d0)
(18, 0x954110)
(52, 0x954150)
(38, 0x954190)
(39, 0x9541d0)
(41, 0x954210)
(42, 0x954250)
(43, 0x954290)
(44, 0x9542d0)
(69, 0x954310)
##################################
#########      F0      ###########
##################################
(  7, 0x954010,   0)
##################################
#########      F1      ###########
##################################
(  3, 0x9540d0,   3)
-------------------------------------
(  3, 0x9540d0,   3)--> ( 52, 0x954150,   0)--( 38, 0x954190,   1)--( 18, 0x954110,   1)
-------------------------------------
( 38, 0x954190,   1)--> ( 41, 0x954210,   1)
( 18, 0x954110,   1)--> ( 39, 0x9541d0,   1)
-------------------------------------
( 41, 0x954210,   1)--> ( 42, 0x954250,   1)
( 39, 0x9541d0,   1)--> ( 69, 0x954310,   0)
-------------------------------------
( 42, 0x954250,   1)--> ( 43, 0x954290,   1)
-------------------------------------
( 43, 0x954290,   1)--> ( 44, 0x9542d0,   0)
##################################
#########      F2      ###########
##################################
( 17, 0x954050,   1)
-------------------------------------
( 17, 0x954050,   1)--> ( 30, 0x954090,   0)
##################################
#########      F3      ###########
##################################
( 24, 0x954350,   2)
-------------------------------------
( 24, 0x954350,   2)--> ( 26, 0x954390,   1)--( 46, 0x9543d0,   0)
-------------------------------------
( 26, 0x954390,   1)--> ( 35, 0x954410,   0)
H1.total_node_num = 17
H1.root_list_size = 4
H1.min_pointer = (3, 0x9540d0)
=====================================H2=========================================
##################################
#########      F0      ###########
##################################
( 10, 0x954510,   0)
##################################
#########      F1      ###########
##################################
( 15, 0x954660,   0)
##################################
#########      F2      ###########
##################################
( 33, 0x9546a0,   0)
H2.total_node_num = 3
H2.root_list_size = 3
H2.min_pointer = (10, 0x954510)
=====================================H2.Union(H3)=========================================
##################################
#########      F0      ###########
##################################
( 10, 0x954510,   0)
##################################
#########      F1      ###########
##################################
( 15, 0x954660,   0)
##################################
#########      F2      ###########
##################################
( 33, 0x9546a0,   0)
H2.total_node_num = 3
H2.root_list_size = 3
H2.min_pointer = (10, 0x954510)
=====================================H3=========================================
##################################
#########      F0      ###########
##################################
(  1, 0x9547c0,   0)
##################################
#########      F1      ###########
##################################
(  2, 0x954800,   0)
##################################
#########      F2      ###########
##################################
( 99, 0x954840,   0)
H3.total_node_num = 3
H3.root_list_size = 3
H3.min_pointer = (1, 0x9547c0)
=====================================H2.Union(H3)=========================================
##################################
#########      F0      ###########
##################################
( 10, 0x954510,   0)
##################################
#########      F1      ###########
##################################
( 15, 0x954660,   0)
##################################
#########      F2      ###########
##################################
( 33, 0x9546a0,   0)
##################################
#########      F3      ###########
##################################
(  1, 0x9547c0,   0)
##################################
#########      F4      ###########
##################################
(  2, 0x954800,   0)
##################################
#########      F5      ###########
##################################
( 99, 0x954840,   0)
H2.total_node_num = 6
H2.root_list_size = 6
H2.min_pointer = (1, 0x9547c0)
=====================================H4=========================================
=====================================H4.Union(H3)=========================================
##################################
#########      F0      ###########
##################################
(  1, 0x9547c0,   0)
##################################
#########      F1      ###########
##################################
(  2, 0x954800,   0)
##################################
#########      F2      ###########
##################################
( 99, 0x954840,   0)
##################################
#########      F3      ###########
##################################
( 10, 0x954510,   0)
##################################
#########      F4      ###########
##################################
( 15, 0x954660,   0)
##################################
#########      F5      ###########
##################################
( 33, 0x9546a0,   0)
H4.total_node_num = 3
H4.root_list_size = 3
H4.min_pointer = (1, 0x9547c0)
It is destruvtor.
It is destruvtor.
It is destruvtor.
It is destruvtor.
